<?xml version="1.0" encoding="UTF-8"?>
<testsuite xmlns:xsi="http://www.w3.org/2001/XMLSchema-instance" xsi:noNamespaceSchemaLocation="https://maven.apache.org/surefire/maven-surefire-plugin/xsd/surefire-test-report-3.0.xsd" version="3.0" name="TestSuite" time="626.796" tests="1" errors="0" skipped="0" failures="1">
  <properties>
[...]
</properties>
  <testcase name="testApplicaiton" classname="com.automation.mobile.app.APPTest" time="615.175">
    <failure message="Connection refused (Connection refused)&#10;Build info: version: &apos;3.141.59&apos;, revision: &apos;e82be7d358&apos;, time: &apos;2018-11-14T08:17:03&apos;&#10;System info: host: &apos;PUN-IT000501.local&apos;, ip: &apos;fe80:0:0:0:824:df21:9562:f111%en0&apos;, os.name: &apos;Mac OS X&apos;, os.arch: &apos;x86_64&apos;, os.version: &apos;10.14.3&apos;, java.version: &apos;1.8.0_181&apos;&#10;Driver info: driver.version: AndroidDriver" type="org.openqa.selenium.WebDriverException">org.openqa.selenium.WebDriverException: 
Connection refused (Connection refused)
Build info: version: '3.141.59', revision: 'e82be7d358', time: '2018-11-14T08:17:03'
System info: host: 'PUN-IT000501.local', ip: 'fe80:0:0:0:824:df21:9562:f111%en0', os.name: 'Mac OS X', os.arch: 'x86_64', os.version: '10.14.3', java.version: '1.8.0_181'
Driver info: driver.version: AndroidDriver
	at com.automation.mobile.app.APPTest.testApplicaiton(APPTest.java:58)
Caused by: java.net.ConnectException: Connection refused (Connection refused)
	at com.automation.mobile.app.APPTest.testApplicaiton(APPTest.java:58)
</failure>
    <system-out><![CDATA[[TestNGContentHandler] [WARN] It is strongly recommended to add "<!DOCTYPE suite SYSTEM "https://testng.org/testng-1.0.dtd" >" at the top of your file, otherwise TestNG may fail or not work as expected.
Driver_Type: ANDROID
The osname printing isMac OS X
 Message:kill existing Selenium Server using command - /Users/rahulsahu/Documents/workspace-spring-tool-suite4401/automation-appium/src/main/resources/driver/clearServer.sh - Command: [Ljava.lang.String;@617faa95
 AUTOMATION_LOG: ==> EXIT_VALUE: 0
 AUTOMATION_LOG: ==> OUTPUT: 0
 AUTOMATION_LOG: ==> EXIT_VALUE: 0
 AUTOMATION_LOG: ==> INPUTSTREAM: [Print running comands, rahulsahu        48887   0.0  0.9  4738052 145892   ??  S     2:43PM   0:04.47 /usr/local/Cellar/node/10.11.0/bin/node /usr/local/lib/node_modules/appium/build/lib/main.js --port 4387 --address 127.0.0.1 --log /Users/rahulsahu/Documents/workspace-spring-tool-suite4401/automation-appium/target/appiumLogs.txt --log-level error:debug, rahulsahu        49041   0.0  0.0  4276724   1680   ??  S     2:43PM   0:00.26 /Users/rahulsahu/Library/Android/sdk/platform-tools/adb -P 5037 -s 988ad83557325a315930 logcat -v threadtime, rahulsahu        48494   0.0  0.5 10093656  85916   ??  S     2:43PM   0:01.52 /usr/bin/java -jar /Users/rahulsahu/Documents/workspace-spring-tool-suite4401/automation-appium/src/main/resources/driver/selenium-server-standalone-3.141.59.jar -port 5555 -host localhost -debug -log target/selenium-logs.log]
 AUTOMATION_LOG: ==> ERROR: []
 AUTOMATION_LOG: ==> OUTPUT: 
user.dir: /Users/rahulsahu/Documents/workspace-spring-tool-suite4401/automation-appium
 Message:Running Selenium server - Command: [Ljava.lang.String;@4e9ba398
 AUTOMATION_LOG: ==> EXIT_VALUE: 0
 AUTOMATION_LOG: ==> OUTPUT: 0
 AUTOMATION_LOG: ==> EXIT_VALUE: 0
 AUTOMATION_LOG: ==> INPUTSTREAM: [Starting Server]
 AUTOMATION_LOG: ==> ERROR: []
 AUTOMATION_LOG: ==> OUTPUT: 
 Selenium Server started on port - 5555
osPaths - {appiumPath=/usr/local/lib/node_modules/appium/build/lib/main.js, nodePath=/usr/local/bin/node}
 AUTOMATION_LOG: ==> COMMAND To execute: /Users/rahulsahu/Library/Android/sdk/platform-tools/adb kill-server
 AUTOMATION_LOG: ==> Turning off device data  - '[sh -c  /Users/rahulsahu/Library/Android/sdk/platform-tools/adb kill-server]'
 AUTOMATION_LOG: ==> COMMAND: rm -rf /tmp/5037
 AUTOMATION_LOG: ==> Killing adb server - '[/bin/bash, -c, rm -rf /tmp/5037]'
 AUTOMATION_LOG: ==> COMMAND_OUTPUT: 
Starting Appium Server on port - 4387 from - {appiumPath=/usr/local/lib/node_modules/appium/build/lib/main.js, nodePath=/usr/local/bin/node}
 Appium Server started on port - 4387
 AUTOMATION_LOG: ==> COMMAND To execute: /Users/rahulsahu/Library/Android/sdk/platform-tools/adb -s 988ad83557325a315930 shell getprop ro.build.version.release
 AUTOMATION_LOG: ==> 988ad83557325a315930 getprop using command - /Users/rahulsahu/Library/Android/sdk/platform-tools/adb -s 988ad83557325a315930 shell getprop ro.build.version.release - '[sh -c  /Users/rahulsahu/Library/Android/sdk/platform-tools/adb -s 988ad83557325a315930 shell getprop ro.build.version.release]'
 AUTOMATION_LOG: ==> COMMAND To execute: /Users/rahulsahu/Library/Android/sdk/platform-tools/adb -s 988ad83557325a315930 shell getprop ro.product.model
 AUTOMATION_LOG: ==> 988ad83557325a315930 getprop using command - /Users/rahulsahu/Library/Android/sdk/platform-tools/adb -s 988ad83557325a315930 shell getprop ro.product.model - '[sh -c  /Users/rahulsahu/Library/Android/sdk/platform-tools/adb -s 988ad83557325a315930 shell getprop ro.product.model]'
(node:56792) [DEP0005] DeprecationWarning: Buffer() is deprecated due to security and usability issues. Please use the Buffer.alloc(), Buffer.allocUnsafe(), or Buffer.from() methods instead.
 AUTOMATION_LOG: ==> COMMAND To execute: /Users/rahulsahu/Library/Android/sdk/platform-tools/adb -s 988ad83557325a315930 shell getprop ro.build.version.release
 AUTOMATION_LOG: ==> 988ad83557325a315930 getprop using command - /Users/rahulsahu/Library/Android/sdk/platform-tools/adb -s 988ad83557325a315930 shell getprop ro.build.version.release - '[sh -c  /Users/rahulsahu/Library/Android/sdk/platform-tools/adb -s 988ad83557325a315930 shell getprop ro.build.version.release]'
 AUTOMATION_LOG: ==> COMMAND To execute: /Users/rahulsahu/Library/Android/sdk/platform-tools/adb -s 988ad83557325a315930 shell getprop ro.product.model
 AUTOMATION_LOG: ==> 988ad83557325a315930 getprop using command - /Users/rahulsahu/Library/Android/sdk/platform-tools/adb -s 988ad83557325a315930 shell getprop ro.product.model - '[sh -c  /Users/rahulsahu/Library/Android/sdk/platform-tools/adb -s 988ad83557325a315930 shell getprop ro.product.model]'
[UiAutomator] UiAutomator exited unexpectedly with code 255, signal null
Unhandled rejection Error: UiAUtomator shut down unexpectedly
    at AndroidBootstrap.callee$2$0$ (/usr/local/lib/node_modules/appium/node_modules/appium-android-driver/lib/bootstrap.js:187:42)
    at tryCatch (/usr/local/lib/node_modules/appium/node_modules/babel-runtime/regenerator/runtime.js:67:40)
    at GeneratorFunctionPrototype.invoke [as _invoke] (/usr/local/lib/node_modules/appium/node_modules/babel-runtime/regenerator/runtime.js:315:22)
    at GeneratorFunctionPrototype.prototype.(anonymous function) [as next] (/usr/local/lib/node_modules/appium/node_modules/babel-runtime/regenerator/runtime.js:100:21)
    at invoke (/usr/local/lib/node_modules/appium/node_modules/babel-runtime/regenerator/runtime.js:136:37)
    at enqueueResult (/usr/local/lib/node_modules/appium/node_modules/babel-runtime/regenerator/runtime.js:185:17)
    at new Promise (<anonymous>)
    at new F (/usr/local/lib/node_modules/appium/node_modules/core-js/library/modules/$.export.js:30:36)
    at AsyncIterator.enqueue (/usr/local/lib/node_modules/appium/node_modules/babel-runtime/regenerator/runtime.js:184:12)
    at AsyncIterator.prototype.(anonymous function) [as next] (/usr/local/lib/node_modules/appium/node_modules/babel-runtime/regenerator/runtime.js:100:21)
    at Object.runtime.async (/usr/local/lib/node_modules/appium/node_modules/babel-runtime/regenerator/runtime.js:209:12)
    at UiAutomator.callee$2$0 (/usr/local/lib/node_modules/appium/node_modules/appium-android-driver/build/lib/bootstrap.js:356:42)
    at UiAutomator.emit (events.js:182:13)
    at UiAutomator.changeState (/usr/local/lib/node_modules/appium/node_modules/appium-android-driver/lib/uiautomator.js:87:10)
    at SubProcess.<anonymous> (/usr/local/lib/node_modules/appium/node_modules/appium-android-driver/lib/uiautomator.js:47:14)
    at SubProcess.emit (events.js:182:13)
    at ChildProcess.<anonymous> (/usr/local/lib/node_modules/appium/node_modules/teen_process/lib/subprocess.js:136:14)
    at ChildProcess.emit (events.js:182:13)
    at Process.ChildProcess._handle.onexit (internal/child_process.js:240:12)
]]></system-out>
    <system-err><![CDATA[SLF4J: Failed to load class "org.slf4j.impl.StaticLoggerBinder".
SLF4J: Defaulting to no-operation (NOP) logger implementation
SLF4J: See http://www.slf4j.org/codes.html#StaticLoggerBinder for further details.
Sep 04, 2019 2:47:17 PM io.appium.java_client.remote.AppiumCommandExecutor$1 lambda$0
INFO: Detected dialect: W3C
]]></system-err>
  </testcase>
</testsuite>